<?xml version="1.0" encoding="UTF-8"?>
<!-- Generated by org.testng.reporters.JUnitXMLReporter -->
<testsuite hostname="DESKTOP-A15AP0F" ignored="0" name="Test" tests="6" failures="0" timestamp="2020-09-11T19:13:31 IST" time="0.22" errors="0">
  <testcase name="IOSApp" time="0.016" classname="rahulshettyUdemy.AppiumTest"/>
  <testcase name="WindowsApp" time="0.001" classname="rahulshettyUdemy.AppiumTest"/>
  <testcase name="BrowserAutomation" time="0.001" classname="rahulshettyUdemy.SeleniumTest"/>
  <testcase name="elementUI" time="0.0" classname="rahulshettyUdemy.SeleniumTest"/>
  <testcase name="Rest" time="0.0" classname="rahulshettyUdemy.RestAssuredTest"/>
  <testcase name="deleteTwitter" time="0.001" classname="rahulshettyUdemy.RestAssuredTest"/>
</testsuite> <!-- Test -->
